  fileHandling.c
D:\APU\Academics\Degree\Y1 - Sem2\Introduction to C Programming (ICP)\Individual Assignment\COMPLETE ICP_YAMCHENXI_TP061635\ICP_YAMCHENXI_TP061635\fileHandling.c(41,12): warning C4267: '=': conversion from 'size_t' to 'int', possible loss of data
D:\APU\Academics\Degree\Y1 - Sem2\Introduction to C Programming (ICP)\Individual Assignment\COMPLETE ICP_YAMCHENXI_TP061635\ICP_YAMCHENXI_TP061635\fileHandling.c(52,20): warning C4267: '=': conversion from 'size_t' to 'int', possible loss of data
D:\APU\Academics\Degree\Y1 - Sem2\Introduction to C Programming (ICP)\Individual Assignment\COMPLETE ICP_YAMCHENXI_TP061635\ICP_YAMCHENXI_TP061635\fileHandling.c(95,12): warning C4267: '=': conversion from 'size_t' to 'int', possible loss of data
  main.c
  menu.c
D:\APU\Academics\Degree\Y1 - Sem2\Introduction to C Programming (ICP)\Individual Assignment\COMPLETE ICP_YAMCHENXI_TP061635\ICP_YAMCHENXI_TP061635\menu.c(8,8): warning C4013: 'printf' undefined; assuming extern returning int
D:\APU\Academics\Degree\Y1 - Sem2\Introduction to C Programming (ICP)\Individual Assignment\COMPLETE ICP_YAMCHENXI_TP061635\ICP_YAMCHENXI_TP061635\menu.c(14,10): warning C4013: 'scanf' undefined; assuming extern returning int
D:\APU\Academics\Degree\Y1 - Sem2\Introduction to C Programming (ICP)\Individual Assignment\COMPLETE ICP_YAMCHENXI_TP061635\ICP_YAMCHENXI_TP061635\menu.c(15,12): warning C4013: 'getchar' undefined; assuming extern returning int
D:\APU\Academics\Degree\Y1 - Sem2\Introduction to C Programming (ICP)\Individual Assignment\COMPLETE ICP_YAMCHENXI_TP061635\ICP_YAMCHENXI_TP061635\menu.c(22,19): warning C4013: 'system' undefined; assuming extern returning int
  partsInventoryCreation.c
D:\APU\Academics\Degree\Y1 - Sem2\Introduction to C Programming (ICP)\Individual Assignment\COMPLETE ICP_YAMCHENXI_TP061635\ICP_YAMCHENXI_TP061635\partsInventoryCreation.c(20,35): warning C4013: 'strlen' undefined; assuming extern returning int
D:\APU\Academics\Degree\Y1 - Sem2\Introduction to C Programming (ICP)\Individual Assignment\COMPLETE ICP_YAMCHENXI_TP061635\ICP_YAMCHENXI_TP061635\partsInventoryCreation.c(43,8): warning C4013: 'memset' undefined; assuming extern returning int
D:\APU\Academics\Degree\Y1 - Sem2\Introduction to C Programming (ICP)\Individual Assignment\COMPLETE ICP_YAMCHENXI_TP061635\ICP_YAMCHENXI_TP061635\partsInventoryCreation.c(49,17): warning C4013: 'strcmp' undefined; assuming extern returning int
D:\APU\Academics\Degree\Y1 - Sem2\Introduction to C Programming (ICP)\Individual Assignment\COMPLETE ICP_YAMCHENXI_TP061635\ICP_YAMCHENXI_TP061635\partsInventoryCreation.c(50,9): warning C4013: 'strcpy' undefined; assuming extern returning int
D:\APU\Academics\Degree\Y1 - Sem2\Introduction to C Programming (ICP)\Individual Assignment\COMPLETE ICP_YAMCHENXI_TP061635\ICP_YAMCHENXI_TP061635\partsInventoryCreation.c(72,9): warning C4129: 'E': unrecognized character escape sequence
D:\APU\Academics\Degree\Y1 - Sem2\Introduction to C Programming (ICP)\Individual Assignment\COMPLETE ICP_YAMCHENXI_TP061635\ICP_YAMCHENXI_TP061635\partsInventoryCreation.c(73,6): warning C4013: 'gets' undefined; assuming extern returning int
D:\APU\Academics\Degree\Y1 - Sem2\Introduction to C Programming (ICP)\Individual Assignment\COMPLETE ICP_YAMCHENXI_TP061635\ICP_YAMCHENXI_TP061635\partsInventoryCreation.c(84,29): warning C4047: 'function': 'char *' differs in levels of indirection from 'char (*)[5]'
D:\APU\Academics\Degree\Y1 - Sem2\Introduction to C Programming (ICP)\Individual Assignment\COMPLETE ICP_YAMCHENXI_TP061635\ICP_YAMCHENXI_TP061635\partsInventoryCreation.c(84,17): warning C4024: 'isInteger': different types for formal and actual parameter 1
D:\APU\Academics\Degree\Y1 - Sem2\Introduction to C Programming (ICP)\Individual Assignment\COMPLETE ICP_YAMCHENXI_TP061635\ICP_YAMCHENXI_TP061635\partsInventoryCreation.c(37,6): warning C4101: 'convertquantity': unreferenced local variable
  partsInventoryTracking.c
D:\APU\Academics\Degree\Y1 - Sem2\Introduction to C Programming (ICP)\Individual Assignment\COMPLETE ICP_YAMCHENXI_TP061635\ICP_YAMCHENXI_TP061635\partsInventoryTracking.c(28,19): warning C4013: 'memcpy' undefined; assuming extern returning int
D:\APU\Academics\Degree\Y1 - Sem2\Introduction to C Programming (ICP)\Individual Assignment\COMPLETE ICP_YAMCHENXI_TP061635\ICP_YAMCHENXI_TP061635\partsInventoryTracking.c(34,31): warning C4013: 'strcmp' undefined; assuming extern returning int
D:\APU\Academics\Degree\Y1 - Sem2\Introduction to C Programming (ICP)\Individual Assignment\COMPLETE ICP_YAMCHENXI_TP061635\ICP_YAMCHENXI_TP061635\partsInventoryTracking.c(69,11): warning C4013: 'memset' undefined; assuming extern returning int
D:\APU\Academics\Degree\Y1 - Sem2\Introduction to C Programming (ICP)\Individual Assignment\COMPLETE ICP_YAMCHENXI_TP061635\ICP_YAMCHENXI_TP061635\partsInventoryTracking.c(66,9): warning C4101: 'j': unreferenced local variable
D:\APU\Academics\Degree\Y1 - Sem2\Introduction to C Programming (ICP)\Individual Assignment\COMPLETE ICP_YAMCHENXI_TP061635\ICP_YAMCHENXI_TP061635\partsInventoryTracking.c(156,19): warning C4013: 'strcpy' undefined; assuming extern returning int
  partsInventoryUpdate.c
D:\APU\Academics\Degree\Y1 - Sem2\Introduction to C Programming (ICP)\Individual Assignment\COMPLETE ICP_YAMCHENXI_TP061635\ICP_YAMCHENXI_TP061635\partsInventoryUpdate.c(11,8): warning C4013: 'memset' undefined; assuming extern returning int
D:\APU\Academics\Degree\Y1 - Sem2\Introduction to C Programming (ICP)\Individual Assignment\COMPLETE ICP_YAMCHENXI_TP061635\ICP_YAMCHENXI_TP061635\partsInventoryUpdate.c(14,13): warning C4013: 'strcmp' undefined; assuming extern returning int
D:\APU\Academics\Degree\Y1 - Sem2\Introduction to C Programming (ICP)\Individual Assignment\COMPLETE ICP_YAMCHENXI_TP061635\ICP_YAMCHENXI_TP061635\partsInventoryUpdate.c(69,9): warning C4013: 'strcpy' undefined; assuming extern returning int
  partsSupplier.c
D:\APU\Academics\Degree\Y1 - Sem2\Introduction to C Programming (ICP)\Individual Assignment\COMPLETE ICP_YAMCHENXI_TP061635\ICP_YAMCHENXI_TP061635\partsSupplier.c(26,8): warning C4013: 'memset' undefined; assuming extern returning int
D:\APU\Academics\Degree\Y1 - Sem2\Introduction to C Programming (ICP)\Individual Assignment\COMPLETE ICP_YAMCHENXI_TP061635\ICP_YAMCHENXI_TP061635\partsSupplier.c(33,6): warning C4013: 'gets' undefined; assuming extern returning int
  searchingFunctionalities.c
D:\APU\Academics\Degree\Y1 - Sem2\Introduction to C Programming (ICP)\Individual Assignment\COMPLETE ICP_YAMCHENXI_TP061635\ICP_YAMCHENXI_TP061635\searchingFunctionalities.c(11,8): warning C4013: 'memset' undefined; assuming extern returning int
D:\APU\Academics\Degree\Y1 - Sem2\Introduction to C Programming (ICP)\Individual Assignment\COMPLETE ICP_YAMCHENXI_TP061635\ICP_YAMCHENXI_TP061635\searchingFunctionalities.c(17,13): warning C4013: 'strcmp' undefined; assuming extern returning int
D:\APU\Academics\Degree\Y1 - Sem2\Introduction to C Programming (ICP)\Individual Assignment\COMPLETE ICP_YAMCHENXI_TP061635\ICP_YAMCHENXI_TP061635\searchingFunctionalities.c(72,10): warning C4013: 'strcpy' undefined; assuming extern returning int
D:\APU\Academics\Degree\Y1 - Sem2\Introduction to C Programming (ICP)\Individual Assignment\COMPLETE ICP_YAMCHENXI_TP061635\ICP_YAMCHENXI_TP061635\searchingFunctionalities.c(53,7): warning C4101: 'toMenu': unreferenced local variable
  Generating Code...
  ICP_YAMCHENXI_TP061635.vcxproj -> D:\APU\Academics\Degree\Y1 - Sem2\Introduction to C Programming (ICP)\Individual Assignment\COMPLETE ICP_YAMCHENXI_TP061635\x64\Debug\ICP_YAMCHENXI_TP061635.exe
